2025-03-16T23:44:54+00:00 INFO Generating payment form for order 678. Notify URL: http://wordpress.test/wc-api/WC_Gateway_Khalti/
2025-03-16T23:44:54+00:00 INFO Khalti Request Args for order : 678Array
(
    [return_url] => http://wordpress.test/wc-api/WC_Gateway_Khalti/
    [website_url] => http://wordpress.test
    [amount] => 251800
    [purchase_order_id] => wc_order_8btu2fx4wor2g
    [purchase_order_name] => wc_order_8btu2fx4wor2g
    [product_details] => Array
        (
            [0] => Array
                (
                    [identity] => 651
                    [name] => Leather-Clad Leisure Chair
                    [quantity] => 2
                    [unit_price] => 24900
                    [total_price] => 49800
                )

            [1] => Array
                (
                    [identity] => 647
                    [name] => Card Trading Website
                    [quantity] => 1
                    [unit_price] => 200000
                    [total_price] => 200000
                )

        )

    [customer_info] => Array
        (
            [name] => matat intern
            [email] => birojlalshrestha.kalki@gmail.com
            [phone] => 9840188324
        )

    [amount_breakdown] => Array
        (
            [0] => Array
                (
                    [label] => Mark Price
                    [amount] => 249800
                )

            [1] => Array
                (
                    [label] => Shipping Charge
                    [amount] => 2000
                )

            [2] => Array
                (
                    [label] => VAT
                    [amount] => 0
                )

        )

)

2025-03-16T23:45:21+00:00 INFO IPN Response: Array
(
    [status] => Completed
    [t] => txn
    [idx] => dGiY9wfC8oLokvRkwHLg5j
    [token] => ZWsnNgemyEEr4UvhtuhMYC
    [bank_reference] => None
    [amount] => 251800
    [mobile] => 98XXXXX321
    [transaction_id] => dGiY9wfC8oLokvRkwHLg5j
    [tidx] => dGiY9wfC8oLokvRkwHLg5j
    [total_amount] => 251800
    [purchase_order_id] => wc_order_8btu2fx4wor2g
    [purchase_order_name] => wc_order_8btu2fx4wor2g
    [pidx] => 3pP9cFwciAiwPz6vnQp2qm
    [woocommerce-login-nonce] => 
    [_wpnonce] => 
    [woocommerce-reset-password-nonce] => 
)

2025-03-16T23:45:21+00:00 INFO Validating IPN response
2025-03-16T23:45:22+00:00 INFO Payment Verification: Successful
2025-03-16T23:45:22+00:00 INFO Found order #678
2025-03-16T23:45:22+00:00 INFO Payment status: completed
2025-03-16T23:45:28+00:00 INFO IPN Response: Array
(
    [status] => Completed
    [t] => txn
    [idx] => dGiY9wfC8oLokvRkwHLg5j
    [token] => ZWsnNgemyEEr4UvhtuhMYC
    [bank_reference] => None
    [amount] => 251800
    [mobile] => 98XXXXX321
    [transaction_id] => dGiY9wfC8oLokvRkwHLg5j
    [tidx] => dGiY9wfC8oLokvRkwHLg5j
    [total_amount] => 251800
    [purchase_order_id] => wc_order_8btu2fx4wor2g
    [purchase_order_name] => wc_order_8btu2fx4wor2g
    [pidx] => 3pP9cFwciAiwPz6vnQp2qm
    [woocommerce-login-nonce] => 
    [_wpnonce] => 
    [woocommerce-reset-password-nonce] => 
)

2025-03-16T23:45:28+00:00 INFO Validating IPN response
2025-03-16T23:45:30+00:00 INFO Payment Verification: Successful
2025-03-16T23:45:30+00:00 INFO Found order #678
2025-03-16T23:45:30+00:00 INFO Payment status: completed
2025-03-16T23:45:30+00:00 INFO Aborting, Order #678 is already complete.
2025-03-16T23:45:37+00:00 INFO IPN Response: Array
(
    [status] => Completed
    [t] => txn
    [idx] => dGiY9wfC8oLokvRkwHLg5j
    [token] => ZWsnNgemyEEr4UvhtuhMYC
    [bank_reference] => None
    [amount] => 251800
    [mobile] => 98XXXXX321
    [transaction_id] => dGiY9wfC8oLokvRkwHLg5j
    [tidx] => dGiY9wfC8oLokvRkwHLg5j
    [total_amount] => 251800
    [purchase_order_id] => wc_order_8btu2fx4wor2g
    [purchase_order_name] => wc_order_8btu2fx4wor2g
    [pidx] => 3pP9cFwciAiwPz6vnQp2qm
    [woocommerce-login-nonce] => 
    [_wpnonce] => 
    [woocommerce-reset-password-nonce] => 
)

2025-03-16T23:45:37+00:00 INFO Validating IPN response
2025-03-16T23:45:38+00:00 INFO Payment Verification: Successful
2025-03-16T23:45:38+00:00 INFO Found order #678
2025-03-16T23:45:38+00:00 INFO Payment status: completed
2025-03-16T23:45:38+00:00 INFO Aborting, Order #678 is already complete.
2025-03-16T23:45:45+00:00 INFO IPN Response: Array
(
    [status] => Completed
    [t] => txn
    [idx] => dGiY9wfC8oLokvRkwHLg5j
    [token] => ZWsnNgemyEEr4UvhtuhMYC
    [bank_reference] => None
    [amount] => 251800
    [mobile] => 98XXXXX321
    [transaction_id] => dGiY9wfC8oLokvRkwHLg5j
    [tidx] => dGiY9wfC8oLokvRkwHLg5j
    [total_amount] => 251800
    [purchase_order_id] => wc_order_8btu2fx4wor2g
    [purchase_order_name] => wc_order_8btu2fx4wor2g
    [pidx] => 3pP9cFwciAiwPz6vnQp2qm
    [woocommerce-login-nonce] => 
    [_wpnonce] => 
    [woocommerce-reset-password-nonce] => 
)

2025-03-16T23:45:45+00:00 INFO Validating IPN response
2025-03-16T23:45:47+00:00 INFO Payment Verification: Successful
2025-03-16T23:45:47+00:00 INFO Found order #678
2025-03-16T23:45:47+00:00 INFO Payment status: completed
2025-03-16T23:45:47+00:00 INFO Aborting, Order #678 is already complete.
2025-03-16T23:46:28+00:00 INFO Generating payment form for order 679. Notify URL: http://wordpress.test/wc-api/WC_Gateway_Khalti/
2025-03-16T23:46:28+00:00 INFO Khalti Request Args for order : 679Array
(
    [return_url] => http://wordpress.test/wc-api/WC_Gateway_Khalti/
    [website_url] => http://wordpress.test
    [amount] => 502000
    [purchase_order_id] => wc_order_Nl9Sk3auclDcP
    [purchase_order_name] => wc_order_Nl9Sk3auclDcP
    [product_details] => Array
        (
            [0] => Array
                (
                    [identity] => 636
                    [name] => Booking Website
                    [quantity] => 1
                    [unit_price] => 500000
                    [total_price] => 500000
                )

        )

    [customer_info] => Array
        (
            [name] => matat intern
            [email] => birojlalshrestha.kalki@gmail.com
            [phone] => 9840188324
        )

    [amount_breakdown] => Array
        (
            [0] => Array
                (
                    [label] => Mark Price
                    [amount] => 500000
                )

            [1] => Array
                (
                    [label] => Shipping Charge
                    [amount] => 2000
                )

            [2] => Array
                (
                    [label] => VAT
                    [amount] => 0
                )

        )

)

2025-03-16T23:46:41+00:00 INFO IPN Response: Array
(
    [pidx] => CJqgx4AjjuGbex7umvuwDb
    [transaction_id] => 
    [tidx] => 
    [amount] => 502000
    [total_amount] => 502000
    [mobile] => 
    [status] => User canceled
    [purchase_order_id] => wc_order_Nl9Sk3auclDcP
    [purchase_order_name] => wc_order_Nl9Sk3auclDcP
    [woocommerce-login-nonce] => 
    [_wpnonce] => 
    [woocommerce-reset-password-nonce] => 
)

2025-03-16T23:46:41+00:00 INFO Validating IPN response
2025-03-16T23:46:42+00:00 INFO Payment Verification: Failed
2025-03-16T23:47:15+00:00 INFO Generating payment form for order 679. Notify URL: http://wordpress.test/wc-api/WC_Gateway_Khalti/
2025-03-16T23:47:16+00:00 INFO Khalti Request Args for order : 679Array
(
    [return_url] => http://wordpress.test/wc-api/WC_Gateway_Khalti/
    [website_url] => http://wordpress.test
    [amount] => 502000
    [purchase_order_id] => wc_order_Nl9Sk3auclDcP
    [purchase_order_name] => wc_order_Nl9Sk3auclDcP
    [product_details] => Array
        (
            [0] => Array
                (
                    [identity] => 636
                    [name] => Booking Website
                    [quantity] => 1
                    [unit_price] => 500000
                    [total_price] => 500000
                )

        )

    [customer_info] => Array
        (
            [name] => matat intern
            [email] => birojlalshrestha.kalki@gmail.com
            [phone] => 9840188324
        )

    [amount_breakdown] => Array
        (
            [0] => Array
                (
                    [label] => Mark Price
                    [amount] => 500000
                )

            [1] => Array
                (
                    [label] => Shipping Charge
                    [amount] => 2000
                )

            [2] => Array
                (
                    [label] => VAT
                    [amount] => 0
                )

        )

)

2025-03-16T23:47:26+00:00 INFO IPN Response: Array
(
    [status] => Completed
    [t] => txn
    [idx] => 74iBNyGzZATFj62wjpFp2N
    [token] => cPRh4oKHBnMGLCNZj2EscT
    [bank_reference] => None
    [amount] => 502000
    [mobile] => 98XXXXX210
    [transaction_id] => 74iBNyGzZATFj62wjpFp2N
    [tidx] => 74iBNyGzZATFj62wjpFp2N
    [total_amount] => 502000
    [purchase_order_id] => wc_order_Nl9Sk3auclDcP
    [purchase_order_name] => wc_order_Nl9Sk3auclDcP
    [pidx] => FsDW7xEu29uZxs7UncRXC4
    [woocommerce-login-nonce] => 
    [_wpnonce] => 
    [woocommerce-reset-password-nonce] => 
)

2025-03-16T23:47:26+00:00 INFO Validating IPN response
2025-03-16T23:47:28+00:00 INFO Payment Verification: Successful
2025-03-16T23:47:28+00:00 INFO Found order #679
2025-03-16T23:47:28+00:00 INFO Payment status: completed
2025-03-16T23:47:33+00:00 INFO IPN Response: Array
(
    [status] => Completed
    [t] => txn
    [idx] => 74iBNyGzZATFj62wjpFp2N
    [token] => cPRh4oKHBnMGLCNZj2EscT
    [bank_reference] => None
    [amount] => 502000
    [mobile] => 98XXXXX210
    [transaction_id] => 74iBNyGzZATFj62wjpFp2N
    [tidx] => 74iBNyGzZATFj62wjpFp2N
    [total_amount] => 502000
    [purchase_order_id] => wc_order_Nl9Sk3auclDcP
    [purchase_order_name] => wc_order_Nl9Sk3auclDcP
    [pidx] => FsDW7xEu29uZxs7UncRXC4
    [woocommerce-login-nonce] => 
    [_wpnonce] => 
    [woocommerce-reset-password-nonce] => 
)

2025-03-16T23:47:33+00:00 INFO Validating IPN response
2025-03-16T23:47:34+00:00 INFO Payment Verification: Successful
2025-03-16T23:47:34+00:00 INFO Found order #679
2025-03-16T23:47:34+00:00 INFO Payment status: completed
2025-03-16T23:47:34+00:00 INFO Aborting, Order #679 is already complete.
2025-03-16T23:47:41+00:00 INFO IPN Response: Array
(
    [status] => Completed
    [t] => txn
    [idx] => 74iBNyGzZATFj62wjpFp2N
    [token] => cPRh4oKHBnMGLCNZj2EscT
    [bank_reference] => None
    [amount] => 502000
    [mobile] => 98XXXXX210
    [transaction_id] => 74iBNyGzZATFj62wjpFp2N
    [tidx] => 74iBNyGzZATFj62wjpFp2N
    [total_amount] => 502000
    [purchase_order_id] => wc_order_Nl9Sk3auclDcP
    [purchase_order_name] => wc_order_Nl9Sk3auclDcP
    [pidx] => FsDW7xEu29uZxs7UncRXC4
    [woocommerce-login-nonce] => 
    [_wpnonce] => 
    [woocommerce-reset-password-nonce] => 
)

2025-03-16T23:47:41+00:00 INFO Validating IPN response
2025-03-16T23:47:43+00:00 INFO Payment Verification: Successful
2025-03-16T23:47:43+00:00 INFO Found order #679
2025-03-16T23:47:43+00:00 INFO Payment status: completed
2025-03-16T23:47:43+00:00 INFO Aborting, Order #679 is already complete.
2025-03-16T23:47:46+00:00 INFO IPN Response: Array
(
    [status] => Completed
    [t] => txn
    [idx] => 74iBNyGzZATFj62wjpFp2N
    [token] => cPRh4oKHBnMGLCNZj2EscT
    [bank_reference] => None
    [amount] => 502000
    [mobile] => 98XXXXX210
    [transaction_id] => 74iBNyGzZATFj62wjpFp2N
    [tidx] => 74iBNyGzZATFj62wjpFp2N
    [total_amount] => 502000
    [purchase_order_id] => wc_order_Nl9Sk3auclDcP
    [purchase_order_name] => wc_order_Nl9Sk3auclDcP
    [pidx] => FsDW7xEu29uZxs7UncRXC4
    [woocommerce-login-nonce] => 
    [_wpnonce] => 
    [woocommerce-reset-password-nonce] => 
)

2025-03-16T23:47:46+00:00 INFO Validating IPN response
2025-03-16T23:47:48+00:00 INFO Payment Verification: Successful
2025-03-16T23:47:48+00:00 INFO Found order #679
2025-03-16T23:47:48+00:00 INFO Payment status: completed
2025-03-16T23:47:48+00:00 INFO Aborting, Order #679 is already complete.
2025-03-16T23:47:50+00:00 INFO IPN Response: Array
(
    [status] => Completed
    [t] => txn
    [idx] => 74iBNyGzZATFj62wjpFp2N
    [token] => cPRh4oKHBnMGLCNZj2EscT
    [bank_reference] => None
    [amount] => 502000
    [mobile] => 98XXXXX210
    [transaction_id] => 74iBNyGzZATFj62wjpFp2N
    [tidx] => 74iBNyGzZATFj62wjpFp2N
    [total_amount] => 502000
    [purchase_order_id] => wc_order_Nl9Sk3auclDcP
    [purchase_order_name] => wc_order_Nl9Sk3auclDcP
    [pidx] => FsDW7xEu29uZxs7UncRXC4
    [woocommerce-login-nonce] => 
    [_wpnonce] => 
    [woocommerce-reset-password-nonce] => 
)

2025-03-16T23:47:50+00:00 INFO Validating IPN response
2025-03-16T23:47:52+00:00 INFO Payment Verification: Successful
2025-03-16T23:47:52+00:00 INFO Found order #679
2025-03-16T23:47:52+00:00 INFO Payment status: completed
2025-03-16T23:47:52+00:00 INFO Aborting, Order #679 is already complete.
2025-03-16T23:47:53+00:00 INFO IPN Response: Array
(
    [status] => Completed
    [t] => txn
    [idx] => 74iBNyGzZATFj62wjpFp2N
    [token] => cPRh4oKHBnMGLCNZj2EscT
    [bank_reference] => None
    [amount] => 502000
    [mobile] => 98XXXXX210
    [transaction_id] => 74iBNyGzZATFj62wjpFp2N
    [tidx] => 74iBNyGzZATFj62wjpFp2N
    [total_amount] => 502000
    [purchase_order_id] => wc_order_Nl9Sk3auclDcP
    [purchase_order_name] => wc_order_Nl9Sk3auclDcP
    [pidx] => FsDW7xEu29uZxs7UncRXC4
    [woocommerce-login-nonce] => 
    [_wpnonce] => 
    [woocommerce-reset-password-nonce] => 
)

2025-03-16T23:47:53+00:00 INFO Validating IPN response
2025-03-16T23:47:55+00:00 INFO Payment Verification: Successful
2025-03-16T23:47:55+00:00 INFO Found order #679
2025-03-16T23:47:55+00:00 INFO Payment status: completed
2025-03-16T23:47:55+00:00 INFO Aborting, Order #679 is already complete.
2025-03-16T23:47:57+00:00 INFO IPN Response: Array
(
    [status] => Completed
    [t] => txn
    [idx] => 74iBNyGzZATFj62wjpFp2N
    [token] => cPRh4oKHBnMGLCNZj2EscT
    [bank_reference] => None
    [amount] => 502000
    [mobile] => 98XXXXX210
    [transaction_id] => 74iBNyGzZATFj62wjpFp2N
    [tidx] => 74iBNyGzZATFj62wjpFp2N
    [total_amount] => 502000
    [purchase_order_id] => wc_order_Nl9Sk3auclDcP
    [purchase_order_name] => wc_order_Nl9Sk3auclDcP
    [pidx] => FsDW7xEu29uZxs7UncRXC4
    [woocommerce-login-nonce] => 
    [_wpnonce] => 
    [woocommerce-reset-password-nonce] => 
)

2025-03-16T23:47:57+00:00 INFO Validating IPN response
2025-03-16T23:47:58+00:00 INFO Payment Verification: Successful
2025-03-16T23:47:58+00:00 INFO Found order #679
2025-03-16T23:47:58+00:00 INFO Payment status: completed
2025-03-16T23:47:58+00:00 INFO Aborting, Order #679 is already complete.
2025-03-16T23:48:24+00:00 INFO IPN Response: Array
(
    [status] => Completed
    [t] => txn
    [idx] => 74iBNyGzZATFj62wjpFp2N
    [token] => cPRh4oKHBnMGLCNZj2EscT
    [bank_reference] => None
    [amount] => 502000
    [mobile] => 98XXXXX210
    [transaction_id] => 74iBNyGzZATFj62wjpFp2N
    [tidx] => 74iBNyGzZATFj62wjpFp2N
    [total_amount] => 502000
    [purchase_order_id] => wc_order_Nl9Sk3auclDcP
    [purchase_order_name] => wc_order_Nl9Sk3auclDcP
    [pidx] => FsDW7xEu29uZxs7UncRXC4
    [woocommerce-login-nonce] => 
    [_wpnonce] => 
    [woocommerce-reset-password-nonce] => 
)

2025-03-16T23:48:24+00:00 INFO Validating IPN response
2025-03-16T23:48:25+00:00 INFO Payment Verification: Successful
2025-03-16T23:48:25+00:00 INFO Found order #679
2025-03-16T23:48:25+00:00 INFO Payment status: completed
2025-03-16T23:48:25+00:00 INFO Aborting, Order #679 is already complete.
